Flow report for am
Thu Aug 01 16:59:46 2024
Quartus II 64-Bit Version 13.1.0 Build 162 10/23/2013 SJ Full Version


---------------------
; Table of Contents ;
---------------------
  1. Legal Notice
  2. Flow Summary
  3. Flow Settings
  4. Flow Non-Default Global Settings
  5. Flow Elapsed Time
  6. Flow OS Summary
  7. Flow Log
  8. Flow Messages
  9. Flow Suppressed Messages



----------------
; Legal Notice ;
----------------
Copyright (C) 1991-2013 Altera Corporation
Your use of Altera Corporation's design tools, logic functions 
and other software and tools, and its AMPP partner logic 
functions, and any output files from any of the foregoing 
(including device programming or simulation files), and any 
associated documentation or information are expressly subject 
to the terms and conditions of the Altera Program License 
Subscription Agreement, Altera MegaCore Function License 
Agreement, or other applicable license agreement, including, 
without limitation, that your use is for the sole purpose of 
programming logic devices manufactured by Altera and sold by 
Altera or its authorized distributors.  Please refer to the 
applicable agreement for further details.



+----------------------------------------------------------------------------------+
; Flow Summary                                                                     ;
+------------------------------------+---------------------------------------------+
; Flow Status                        ; Successful - Thu Aug 01 16:59:42 2024       ;
; Quartus II 64-Bit Version          ; 13.1.0 Build 162 10/23/2013 SJ Full Version ;
; Revision Name                      ; am                                          ;
; Top-level Entity Name              ; am                                          ;
; Family                             ; Cyclone IV E                                ;
; Device                             ; EP4CE10F17C8                                ;
; Timing Models                      ; Final                                       ;
; Total logic elements               ; 2,616 / 10,320 ( 25 % )                     ;
;     Total combinational functions  ; 1,198 / 10,320 ( 12 % )                     ;
;     Dedicated logic registers      ; 2,225 / 10,320 ( 22 % )                     ;
; Total registers                    ; 2225                                        ;
; Total pins                         ; 46 / 180 ( 26 % )                           ;
; Total virtual pins                 ; 0                                           ;
; Total memory bits                  ; 28,684 / 423,936 ( 7 % )                    ;
; Embedded Multiplier 9-bit elements ; 10 / 46 ( 22 % )                            ;
; Total PLLs                         ; 1 / 2 ( 50 % )                              ;
+------------------------------------+---------------------------------------------+


+-----------------------------------------+
; Flow Settings                           ;
+-------------------+---------------------+
; Option            ; Setting             ;
+-------------------+---------------------+
; Start date & time ; 08/01/2024 13:18:32 ;
; Main task         ; Compilation         ;
; Revision Name     ; am                  ;
+-------------------+---------------------+


+---------------------------------------------------------------------------------------------------------------------------------------------------------------------------------------------------------------------------------------------------------------------------------------------------------------------------------------------------------------------------------------------------------------------------------------------------------------------------------------------------------------+
; Flow Non-Default Global Settings                                                                                                                                                                                                                                                                                                                                                                                                                                                                              ;
+-------------------------------------+------------------------------------------------------------------------------------------------------------------------------------------------------------------------------------------------------------------------------------------------------------------------------------------------------------------------------------------------------------------------------------------------------------------------+---------------+-------------+------------------+
; Assignment Name                     ; Value                                                                                                                                                                                                                                                                                                                                                                                                                  ; Default Value ; Entity Name ; Section Id       ;
+-------------------------------------+------------------------------------------------------------------------------------------------------------------------------------------------------------------------------------------------------------------------------------------------------------------------------------------------------------------------------------------------------------------------------------------------------------------------+---------------+-------------+------------------+
; COMPILER_SIGNATURE_ID               ; 105658698696035.172248951200396                                                                                                                                                                                                                                                                                                                                                                                        ; --            ; --          ; --               ;
; ENABLE_SIGNALTAP                    ; On                                                                                                                                                                                                                                                                                                                                                                                                                     ; --            ; --          ; --               ;
; IP_TOOL_NAME                        ; ALTPLL                                                                                                                                                                                                                                                                                                                                                                                                                 ; --            ; --          ; --               ;
; IP_TOOL_NAME                        ; ROM: 1-PORT                                                                                                                                                                                                                                                                                                                                                                                                            ; --            ; --          ; --               ;
; IP_TOOL_NAME                        ; LPM_CONSTANT                                                                                                                                                                                                                                                                                                                                                                                                           ; --            ; --          ; --               ;
; IP_TOOL_NAME                        ; LPM_CONSTANT                                                                                                                                                                                                                                                                                                                                                                                                           ; --            ; --          ; --               ;
; IP_TOOL_NAME                        ; LPM_CONSTANT                                                                                                                                                                                                                                                                                                                                                                                                           ; --            ; --          ; --               ;
; IP_TOOL_NAME                        ; LPM_CONSTANT                                                                                                                                                                                                                                                                                                                                                                                                           ; --            ; --          ; --               ;
; IP_TOOL_NAME                        ; LPM_CONSTANT                                                                                                                                                                                                                                                                                                                                                                                                           ; --            ; --          ; --               ;
; IP_TOOL_NAME                        ; LPM_MULT                                                                                                                                                                                                                                                                                                                                                                                                               ; --            ; --          ; --               ;
; IP_TOOL_NAME                        ; LPM_CONSTANT                                                                                                                                                                                                                                                                                                                                                                                                           ; --            ; --          ; --               ;
; IP_TOOL_NAME                        ; LPM_ADD_SUB                                                                                                                                                                                                                                                                                                                                                                                                            ; --            ; --          ; --               ;
; IP_TOOL_NAME                        ; LPM_MULT                                                                                                                                                                                                                                                                                                                                                                                                               ; --            ; --          ; --               ;
; IP_TOOL_NAME                        ; LPM_CONSTANT                                                                                                                                                                                                                                                                                                                                                                                                           ; --            ; --          ; --               ;
; IP_TOOL_NAME                        ; LPM_CONSTANT                                                                                                                                                                                                                                                                                                                                                                                                           ; --            ; --          ; --               ;
; IP_TOOL_NAME                        ; LPM_CONSTANT                                                                                                                                                                                                                                                                                                                                                                                                           ; --            ; --          ; --               ;
; IP_TOOL_VERSION                     ; 13.1                                                                                                                                                                                                                                                                                                                                                                                                                   ; --            ; --          ; --               ;
; IP_TOOL_VERSION                     ; 13.1                                                                                                                                                                                                                                                                                                                                                                                                                   ; --            ; --          ; --               ;
; IP_TOOL_VERSION                     ; 13.1                                                                                                                                                                                                                                                                                                                                                                                                                   ; --            ; --          ; --               ;
; IP_TOOL_VERSION                     ; 13.1                                                                                                                                                                                                                                                                                                                                                                                                                   ; --            ; --          ; --               ;
; IP_TOOL_VERSION                     ; 13.1                                                                                                                                                                                                                                                                                                                                                                                                                   ; --            ; --          ; --               ;
; IP_TOOL_VERSION                     ; 13.1                                                                                                                                                                                                                                                                                                                                                                                                                   ; --            ; --          ; --               ;
; IP_TOOL_VERSION                     ; 13.1                                                                                                                                                                                                                                                                                                                                                                                                                   ; --            ; --          ; --               ;
; IP_TOOL_VERSION                     ; 13.1                                                                                                                                                                                                                                                                                                                                                                                                                   ; --            ; --          ; --               ;
; IP_TOOL_VERSION                     ; 13.1                                                                                                                                                                                                                                                                                                                                                                                                                   ; --            ; --          ; --               ;
; IP_TOOL_VERSION                     ; 13.1                                                                                                                                                                                                                                                                                                                                                                                                                   ; --            ; --          ; --               ;
; IP_TOOL_VERSION                     ; 13.1                                                                                                                                                                                                                                                                                                                                                                                                                   ; --            ; --          ; --               ;
; IP_TOOL_VERSION                     ; 13.1                                                                                                                                                                                                                                                                                                                                                                                                                   ; --            ; --          ; --               ;
; IP_TOOL_VERSION                     ; 13.1                                                                                                                                                                                                                                                                                                                                                                                                                   ; --            ; --          ; --               ;
; IP_TOOL_VERSION                     ; 13.1                                                                                                                                                                                                                                                                                                                                                                                                                   ; --            ; --          ; --               ;
; MAX_CORE_JUNCTION_TEMP              ; 85                                                                                                                                                                                                                                                                                                                                                                                                                     ; --            ; --          ; --               ;
; MIN_CORE_JUNCTION_TEMP              ; 0                                                                                                                                                                                                                                                                                                                                                                                                                      ; --            ; --          ; --               ;
; MISC_FILE                           ; mypll.bsf                                                                                                                                                                                                                                                                                                                                                                                                              ; --            ; --          ; --               ;
; MISC_FILE                           ; mypll_bb.v                                                                                                                                                                                                                                                                                                                                                                                                             ; --            ; --          ; --               ;
; MISC_FILE                           ; mypll.ppf                                                                                                                                                                                                                                                                                                                                                                                                              ; --            ; --          ; --               ;
; MISC_FILE                           ; romsin.bsf                                                                                                                                                                                                                                                                                                                                                                                                             ; --            ; --          ; --               ;
; MISC_FILE                           ; romsin_inst.v                                                                                                                                                                                                                                                                                                                                                                                                          ; --            ; --          ; --               ;
; MISC_FILE                           ; romsin_bb.v                                                                                                                                                                                                                                                                                                                                                                                                            ; --            ; --          ; --               ;
; MISC_FILE                           ; lpm_constant0.bsf                                                                                                                                                                                                                                                                                                                                                                                                      ; --            ; --          ; --               ;
; MISC_FILE                           ; lpm_constant0_bb.v                                                                                                                                                                                                                                                                                                                                                                                                     ; --            ; --          ; --               ;
; MISC_FILE                           ; lpm_constant1.bsf                                                                                                                                                                                                                                                                                                                                                                                                      ; --            ; --          ; --               ;
; MISC_FILE                           ; lpm_constant1_bb.v                                                                                                                                                                                                                                                                                                                                                                                                     ; --            ; --          ; --               ;
; MISC_FILE                           ; lpm_constant2.bsf                                                                                                                                                                                                                                                                                                                                                                                                      ; --            ; --          ; --               ;
; MISC_FILE                           ; lpm_constant2_bb.v                                                                                                                                                                                                                                                                                                                                                                                                     ; --            ; --          ; --               ;
; MISC_FILE                           ; output_files/lpm_constant0.bsf                                                                                                                                                                                                                                                                                                                                                                                         ; --            ; --          ; --               ;
; MISC_FILE                           ; output_files/lpm_constant0_bb.v                                                                                                                                                                                                                                                                                                                                                                                        ; --            ; --          ; --               ;
; MISC_FILE                           ; output_files/lpm_constant1.bsf                                                                                                                                                                                                                                                                                                                                                                                         ; --            ; --          ; --               ;
; MISC_FILE                           ; output_files/lpm_constant1_bb.v                                                                                                                                                                                                                                                                                                                                                                                        ; --            ; --          ; --               ;
; MISC_FILE                           ; mymult.bsf                                                                                                                                                                                                                                                                                                                                                                                                             ; --            ; --          ; --               ;
; MISC_FILE                           ; mymult_bb.v                                                                                                                                                                                                                                                                                                                                                                                                            ; --            ; --          ; --               ;
; MISC_FILE                           ; output_files/lpm_constant4.bsf                                                                                                                                                                                                                                                                                                                                                                                         ; --            ; --          ; --               ;
; MISC_FILE                           ; output_files/lpm_constant4_bb.v                                                                                                                                                                                                                                                                                                                                                                                        ; --            ; --          ; --               ;
; MISC_FILE                           ; myadd.bsf                                                                                                                                                                                                                                                                                                                                                                                                              ; --            ; --          ; --               ;
; MISC_FILE                           ; myadd_bb.v                                                                                                                                                                                                                                                                                                                                                                                                             ; --            ; --          ; --               ;
; MISC_FILE                           ; mymult2.bsf                                                                                                                                                                                                                                                                                                                                                                                                            ; --            ; --          ; --               ;
; MISC_FILE                           ; mymult2_bb.v                                                                                                                                                                                                                                                                                                                                                                                                           ; --            ; --          ; --               ;
; MISC_FILE                           ; output_files/lpm_constant5.bsf                                                                                                                                                                                                                                                                                                                                                                                         ; --            ; --          ; --               ;
; MISC_FILE                           ; output_files/lpm_constant5_bb.v                                                                                                                                                                                                                                                                                                                                                                                        ; --            ; --          ; --               ;
; MISC_FILE                           ; lpm_constant9.bsf                                                                                                                                                                                                                                                                                                                                                                                                      ; --            ; --          ; --               ;
; MISC_FILE                           ; lpm_constant9.cmp                                                                                                                                                                                                                                                                                                                                                                                                      ; --            ; --          ; --               ;
; MISC_FILE                           ; lpm_constant12.bsf                                                                                                                                                                                                                                                                                                                                                                                                     ; --            ; --          ; --               ;
; MISC_FILE                           ; lpm_constant12_bb.v                                                                                                                                                                                                                                                                                                                                                                                                    ; --            ; --          ; --               ;
; OUTPUT_IO_TIMING_FAR_END_VMEAS      ; Half Signal Swing                                                                                                                                                                                                                                                                                                                                                                                                      ; --            ; --          ; --               ;
; OUTPUT_IO_TIMING_FAR_END_VMEAS      ; Half Signal Swing                                                                                                                                                                                                                                                                                                                                                                                                      ; --            ; --          ; --               ;
; OUTPUT_IO_TIMING_NEAR_END_VMEAS     ; Half Vccio                                                                                                                                                                                                                                                                                                                                                                                                             ; --            ; --          ; --               ;
; OUTPUT_IO_TIMING_NEAR_END_VMEAS     ; Half Vccio                                                                                                                                                                                                                                                                                                                                                                                                             ; --            ; --          ; --               ;
; PARTITION_COLOR                     ; 16764057                                                                                                                                                                                                                                                                                                                                                                                                               ; --            ; --          ; Top              ;
; PARTITION_FITTER_PRESERVATION_LEVEL ; PLACEMENT_AND_ROUTING                                                                                                                                                                                                                                                                                                                                                                                                  ; --            ; --          ; Top              ;
; PARTITION_NETLIST_TYPE              ; SOURCE                                                                                                                                                                                                                                                                                                                                                                                                                 ; --            ; --          ; Top              ;
; POWER_BOARD_THERMAL_MODEL           ; None (CONSERVATIVE)                                                                                                                                                                                                                                                                                                                                                                                                    ; --            ; --          ; --               ;
; POWER_PRESET_COOLING_SOLUTION       ; 23 MM HEAT SINK WITH 200 LFPM AIRFLOW                                                                                                                                                                                                                                                                                                                                                                                  ; --            ; --          ; --               ;
; PROJECT_OUTPUT_DIRECTORY            ; output_files                                                                                                                                                                                                                                                                                                                                                                                                           ; --            ; --          ; --               ;
; SLD_FILE                            ; db/stp1_auto_stripped.stp                                                                                                                                                                                                                                                                                                                                                                                              ; --            ; --          ; --               ;
; SLD_NODE_CREATOR_ID                 ; 110                                                                                                                                                                                                                                                                                                                                                                                                                    ; --            ; --          ; auto_signaltap_0 ;
; SLD_NODE_ENTITY_NAME                ; sld_signaltap                                                                                                                                                                                                                                                                                                                                                                                                          ; --            ; --          ; auto_signaltap_0 ;
; SLD_NODE_PARAMETER_ASSIGNMENT       ; SLD_RAM_BLOCK_TYPE=AUTO                                                                                                                                                                                                                                                                                                                                                                                                ; --            ; --          ; auto_signaltap_0 ;
; SLD_NODE_PARAMETER_ASSIGNMENT       ; SLD_NODE_INFO=805334528                                                                                                                                                                                                                                                                                                                                                                                                ; --            ; --          ; auto_signaltap_0 ;
; SLD_NODE_PARAMETER_ASSIGNMENT       ; SLD_POWER_UP_TRIGGER=0                                                                                                                                                                                                                                                                                                                                                                                                 ; --            ; --          ; auto_signaltap_0 ;
; SLD_NODE_PARAMETER_ASSIGNMENT       ; SLD_STORAGE_QUALIFIER_INVERSION_MASK_LENGTH=0                                                                                                                                                                                                                                                                                                                                                                          ; --            ; --          ; auto_signaltap_0 ;
; SLD_NODE_PARAMETER_ASSIGNMENT       ; SLD_SEGMENT_SIZE=128                                                                                                                                                                                                                                                                                                                                                                                                   ; --            ; --          ; auto_signaltap_0 ;
; SLD_NODE_PARAMETER_ASSIGNMENT       ; SLD_ATTRIBUTE_MEM_MODE=OFF                                                                                                                                                                                                                                                                                                                                                                                             ; --            ; --          ; auto_signaltap_0 ;
; SLD_NODE_PARAMETER_ASSIGNMENT       ; SLD_STATE_FLOW_USE_GENERATED=0                                                                                                                                                                                                                                                                                                                                                                                         ; --            ; --          ; auto_signaltap_0 ;
; SLD_NODE_PARAMETER_ASSIGNMENT       ; SLD_STATE_BITS=11                                                                                                                                                                                                                                                                                                                                                                                                      ; --            ; --          ; auto_signaltap_0 ;
; SLD_NODE_PARAMETER_ASSIGNMENT       ; SLD_BUFFER_FULL_STOP=1                                                                                                                                                                                                                                                                                                                                                                                                 ; --            ; --          ; auto_signaltap_0 ;
; SLD_NODE_PARAMETER_ASSIGNMENT       ; SLD_CURRENT_RESOURCE_WIDTH=1                                                                                                                                                                                                                                                                                                                                                                                           ; --            ; --          ; auto_signaltap_0 ;
; SLD_NODE_PARAMETER_ASSIGNMENT       ; SLD_TRIGGER_LEVEL=1                                                                                                                                                                                                                                                                                                                                                                                                    ; --            ; --          ; auto_signaltap_0 ;
; SLD_NODE_PARAMETER_ASSIGNMENT       ; SLD_SAMPLE_DEPTH=128                                                                                                                                                                                                                                                                                                                                                                                                   ; --            ; --          ; auto_signaltap_0 ;
; SLD_NODE_PARAMETER_ASSIGNMENT       ; SLD_TRIGGER_IN_ENABLED=0                                                                                                                                                                                                                                                                                                                                                                                               ; --            ; --          ; auto_signaltap_0 ;
; SLD_NODE_PARAMETER_ASSIGNMENT       ; SLD_ADVANCED_TRIGGER_ENTITY=basic,1,                                                                                                                                                                                                                                                                                                                                                                                   ; --            ; --          ; auto_signaltap_0 ;
; SLD_NODE_PARAMETER_ASSIGNMENT       ; SLD_TRIGGER_LEVEL_PIPELINE=1                                                                                                                                                                                                                                                                                                                                                                                           ; --            ; --          ; auto_signaltap_0 ;
; SLD_NODE_PARAMETER_ASSIGNMENT       ; SLD_ENABLE_ADVANCED_TRIGGER=0                                                                                                                                                                                                                                                                                                                                                                                          ; --            ; --          ; auto_signaltap_0 ;
; SLD_NODE_PARAMETER_ASSIGNMENT       ; SLD_DATA_BITS=122                                                                                                                                                                                                                                                                                                                                                                                                      ; --            ; --          ; auto_signaltap_0 ;
; SLD_NODE_PARAMETER_ASSIGNMENT       ; SLD_TRIGGER_BITS=122                                                                                                                                                                                                                                                                                                                                                                                                   ; --            ; --          ; auto_signaltap_0 ;
; SLD_NODE_PARAMETER_ASSIGNMENT       ; SLD_INVERSION_MASK=000000000000000000000000000000000000000000000000000000000000000000000000000000000000000000000000000000000000000000000000000000000000000000000000000000000000000000000000000000000000000000000000000000000000000000000000000000000000000000000000000000000000000000000000000000000000000000000000000000000000000000000000000000000000000000000000000000000000000000000000000000000000000000000000000 ; --            ; --          ; auto_signaltap_0 ;
; SLD_NODE_PARAMETER_ASSIGNMENT       ; SLD_INVERSION_MASK_LENGTH=387                                                                                                                                                                                                                                                                                                                                                                                          ; --            ; --          ; auto_signaltap_0 ;
; SLD_NODE_PARAMETER_ASSIGNMENT       ; SLD_NODE_CRC_LOWORD=12867                                                                                                                                                                                                                                                                                                                                                                                              ; --            ; --          ; auto_signaltap_0 ;
; SLD_NODE_PARAMETER_ASSIGNMENT       ; SLD_NODE_CRC_HIWORD=57932                                                                                                                                                                                                                                                                                                                                                                                              ; --            ; --          ; auto_signaltap_0 ;
; USE_SIGNALTAP_FILE                  ; output_files/stp1.stp                                                                                                                                                                                                                                                                                                                                                                                                  ; --            ; --          ; --               ;
+-------------------------------------+------------------------------------------------------------------------------------------------------------------------------------------------------------------------------------------------------------------------------------------------------------------------------------------------------------------------------------------------------------------------------------------------------------------------+---------------+-------------+------------------+


+-------------------------------------------------------------------------------------------------------------------------------+
; Flow Elapsed Time                                                                                                             ;
+---------------------------+--------------+-------------------------+---------------------+------------------------------------+
; Module Name               ; Elapsed Time ; Average Processors Used ; Peak Virtual Memory ; Total CPU Time (on all processors) ;
+---------------------------+--------------+-------------------------+---------------------+------------------------------------+
; Analysis & Synthesis      ; 00:00:05     ; 1.0                     ; 4748 MB             ; 00:00:02                           ;
; Fitter                    ; 00:00:07     ; 1.0                     ; 5924 MB             ; 00:00:03                           ;
; Assembler                 ; 00:00:01     ; 1.0                     ; 4603 MB             ; 00:00:00                           ;
; TimeQuest Timing Analyzer ; 00:00:03     ; 1.0                     ; 4794 MB             ; 00:00:01                           ;
; Analysis & Synthesis      ; 00:00:09     ; 1.9                     ; 4760 MB             ; 00:00:06                           ;
; Partition Merge           ; 00:00:02     ; 1.0                     ; 4670 MB             ; 00:00:01                           ;
; Fitter                    ; 00:00:08     ; 1.4                     ; 5958 MB             ; 00:00:04                           ;
; Assembler                 ; 00:00:01     ; 1.0                     ; 4593 MB             ; 00:00:00                           ;
; TimeQuest Timing Analyzer ; 00:00:02     ; 1.0                     ; 4799 MB             ; 00:00:01                           ;
; Analysis & Synthesis      ; 00:00:07     ; 1.3                     ; 4777 MB             ; 00:00:04                           ;
; Partition Merge           ; 00:00:01     ; 1.0                     ; 4655 MB             ; 00:00:01                           ;
; Fitter                    ; 00:00:08     ; 2.6                     ; 5920 MB             ; 00:00:03                           ;
; Assembler                 ; 00:00:01     ; 1.0                     ; 4593 MB             ; 00:00:00                           ;
; TimeQuest Timing Analyzer ; 00:00:03     ; 1.0                     ; 4801 MB             ; 00:00:01                           ;
; Analysis & Synthesis      ; 00:00:07     ; 1.4                     ; 4777 MB             ; 00:00:03                           ;
; Partition Merge           ; 00:00:02     ; 1.0                     ; 4670 MB             ; 00:00:00                           ;
; Fitter                    ; 00:00:08     ; 1.0                     ; 5928 MB             ; 00:00:04                           ;
; Assembler                 ; 00:00:01     ; 1.0                     ; 4593 MB             ; 00:00:00                           ;
; TimeQuest Timing Analyzer ; 00:00:02     ; 1.0                     ; 4793 MB             ; 00:00:01                           ;
; Analysis & Synthesis      ; 00:00:02     ; 1.0                     ; 4661 MB             ; 00:00:01                           ;
; Analysis & Synthesis      ; 00:00:01     ; 1.0                     ; 4657 MB             ; 00:00:01                           ;
; Analysis & Synthesis      ; 00:00:10     ; 2.0                     ; 4765 MB             ; 00:00:05                           ;
; Partition Merge           ; 00:00:01     ; 1.0                     ; 4670 MB             ; 00:00:00                           ;
; Fitter                    ; 00:00:08     ; 1.0                     ; 5928 MB             ; 00:00:04                           ;
; Assembler                 ; 00:00:01     ; 1.0                     ; 4600 MB             ; 00:00:00                           ;
; TimeQuest Timing Analyzer ; 00:00:02     ; 1.0                     ; 4793 MB             ; 00:00:01                           ;
; Analysis & Synthesis      ; 00:00:07     ; 1.4                     ; 4777 MB             ; 00:00:03                           ;
; Partition Merge           ; 00:00:01     ; 1.0                     ; 4670 MB             ; 00:00:00                           ;
; Fitter                    ; 00:00:09     ; 1.0                     ; 5928 MB             ; 00:00:04                           ;
; Assembler                 ; 00:00:01     ; 1.0                     ; 4593 MB             ; 00:00:00                           ;
; TimeQuest Timing Analyzer ; 00:00:03     ; 1.0                     ; 4793 MB             ; 00:00:01                           ;
; Analysis & Synthesis      ; 00:00:01     ; 1.0                     ; 4653 MB             ; 00:00:01                           ;
; Analysis & Synthesis      ; 00:00:08     ; 1.4                     ; 4786 MB             ; 00:00:04                           ;
; Partition Merge           ; 00:00:02     ; 1.0                     ; 4670 MB             ; 00:00:01                           ;
; Fitter                    ; 00:00:09     ; 1.4                     ; 5928 MB             ; 00:00:05                           ;
; Assembler                 ; 00:00:01     ; 1.0                     ; 4593 MB             ; 00:00:00                           ;
; TimeQuest Timing Analyzer ; 00:00:02     ; 1.0                     ; 4793 MB             ; 00:00:01                           ;
; Analysis & Synthesis      ; 00:00:04     ; 1.0                     ; 4718 MB             ; 00:00:03                           ;
; Analysis & Synthesis      ; 00:00:07     ; 1.4                     ; 4772 MB             ; 00:00:05                           ;
; Partition Merge           ; 00:00:01     ; 1.0                     ; 4655 MB             ; 00:00:01                           ;
; Fitter                    ; 00:00:07     ; 1.0                     ; 5921 MB             ; 00:00:05                           ;
; Assembler                 ; 00:00:01     ; 1.0                     ; 4600 MB             ; 00:00:00                           ;
; TimeQuest Timing Analyzer ; 00:00:03     ; 1.0                     ; 4793 MB             ; 00:00:01                           ;
; Total                     ; 00:02:50     ; --                      ; --                  ; 00:01:22                           ;
+---------------------------+--------------+-------------------------+---------------------+------------------------------------+


+----------------------------------------------------------------------------------------+
; Flow OS Summary                                                                        ;
+---------------------------+------------------+-----------+------------+----------------+
; Module Name               ; Machine Hostname ; OS Name   ; OS Version ; Processor type ;
+---------------------------+------------------+-----------+------------+----------------+
; Analysis & Synthesis      ; DESKTOP-O1RSFBS  ; Windows 7 ; 6.2        ; x86_64         ;
; Fitter                    ; DESKTOP-O1RSFBS  ; Windows 7 ; 6.2        ; x86_64         ;
; Assembler                 ; DESKTOP-O1RSFBS  ; Windows 7 ; 6.2        ; x86_64         ;
; TimeQuest Timing Analyzer ; DESKTOP-O1RSFBS  ; Windows 7 ; 6.2        ; x86_64         ;
; Analysis & Synthesis      ; DESKTOP-O1RSFBS  ; Windows 7 ; 6.2        ; x86_64         ;
; Partition Merge           ; DESKTOP-O1RSFBS  ; Windows 7 ; 6.2        ; x86_64         ;
; Fitter                    ; DESKTOP-O1RSFBS  ; Windows 7 ; 6.2        ; x86_64         ;
; Assembler                 ; DESKTOP-O1RSFBS  ; Windows 7 ; 6.2        ; x86_64         ;
; TimeQuest Timing Analyzer ; DESKTOP-O1RSFBS  ; Windows 7 ; 6.2        ; x86_64         ;
; Analysis & Synthesis      ; DESKTOP-O1RSFBS  ; Windows 7 ; 6.2        ; x86_64         ;
; Partition Merge           ; DESKTOP-O1RSFBS  ; Windows 7 ; 6.2        ; x86_64         ;
; Fitter                    ; DESKTOP-O1RSFBS  ; Windows 7 ; 6.2        ; x86_64         ;
; Assembler                 ; DESKTOP-O1RSFBS  ; Windows 7 ; 6.2        ; x86_64         ;
; TimeQuest Timing Analyzer ; DESKTOP-O1RSFBS  ; Windows 7 ; 6.2        ; x86_64         ;
; Analysis & Synthesis      ; DESKTOP-O1RSFBS  ; Windows 7 ; 6.2        ; x86_64         ;
; Partition Merge           ; DESKTOP-O1RSFBS  ; Windows 7 ; 6.2        ; x86_64         ;
; Fitter                    ; DESKTOP-O1RSFBS  ; Windows 7 ; 6.2        ; x86_64         ;
; Assembler                 ; DESKTOP-O1RSFBS  ; Windows 7 ; 6.2        ; x86_64         ;
; TimeQuest Timing Analyzer ; DESKTOP-O1RSFBS  ; Windows 7 ; 6.2        ; x86_64         ;
; Analysis & Synthesis      ; DESKTOP-O1RSFBS  ; Windows 7 ; 6.2        ; x86_64         ;
; Analysis & Synthesis      ; DESKTOP-O1RSFBS  ; Windows 7 ; 6.2        ; x86_64         ;
; Analysis & Synthesis      ; DESKTOP-O1RSFBS  ; Windows 7 ; 6.2        ; x86_64         ;
; Partition Merge           ; DESKTOP-O1RSFBS  ; Windows 7 ; 6.2        ; x86_64         ;
; Fitter                    ; DESKTOP-O1RSFBS  ; Windows 7 ; 6.2        ; x86_64         ;
; Assembler                 ; DESKTOP-O1RSFBS  ; Windows 7 ; 6.2        ; x86_64         ;
; TimeQuest Timing Analyzer ; DESKTOP-O1RSFBS  ; Windows 7 ; 6.2        ; x86_64         ;
; Analysis & Synthesis      ; DESKTOP-O1RSFBS  ; Windows 7 ; 6.2        ; x86_64         ;
; Partition Merge           ; DESKTOP-O1RSFBS  ; Windows 7 ; 6.2        ; x86_64         ;
; Fitter                    ; DESKTOP-O1RSFBS  ; Windows 7 ; 6.2        ; x86_64         ;
; Assembler                 ; DESKTOP-O1RSFBS  ; Windows 7 ; 6.2        ; x86_64         ;
; TimeQuest Timing Analyzer ; DESKTOP-O1RSFBS  ; Windows 7 ; 6.2        ; x86_64         ;
; Analysis & Synthesis      ; DESKTOP-O1RSFBS  ; Windows 7 ; 6.2        ; x86_64         ;
; Analysis & Synthesis      ; DESKTOP-O1RSFBS  ; Windows 7 ; 6.2        ; x86_64         ;
; Partition Merge           ; DESKTOP-O1RSFBS  ; Windows 7 ; 6.2        ; x86_64         ;
; Fitter                    ; DESKTOP-O1RSFBS  ; Windows 7 ; 6.2        ; x86_64         ;
; Assembler                 ; DESKTOP-O1RSFBS  ; Windows 7 ; 6.2        ; x86_64         ;
; TimeQuest Timing Analyzer ; DESKTOP-O1RSFBS  ; Windows 7 ; 6.2        ; x86_64         ;
; Analysis & Synthesis      ; DESKTOP-O1RSFBS  ; Windows 7 ; 6.2        ; x86_64         ;
; Analysis & Synthesis      ; DESKTOP-O1RSFBS  ; Windows 7 ; 6.2        ; x86_64         ;
; Partition Merge           ; DESKTOP-O1RSFBS  ; Windows 7 ; 6.2        ; x86_64         ;
; Fitter                    ; DESKTOP-O1RSFBS  ; Windows 7 ; 6.2        ; x86_64         ;
; Assembler                 ; DESKTOP-O1RSFBS  ; Windows 7 ; 6.2        ; x86_64         ;
; TimeQuest Timing Analyzer ; DESKTOP-O1RSFBS  ; Windows 7 ; 6.2        ; x86_64         ;
+---------------------------+------------------+-----------+------------+----------------+


------------
; Flow Log ;
------------
quartus_map --read_settings_files=on --write_settings_files=off am -c am
quartus_fit --read_settings_files=off --write_settings_files=off am -c am
quartus_asm --read_settings_files=off --write_settings_files=off am -c am
quartus_sta am -c am
quartus_map --read_settings_files=on --write_settings_files=off am -c am
quartus_cdb --read_settings_files=off --write_settings_files=off am -c am --merge=on
quartus_fit --read_settings_files=off --write_settings_files=off am -c am
quartus_asm --read_settings_files=off --write_settings_files=off am -c am
quartus_sta am -c am
quartus_map --read_settings_files=on --write_settings_files=off am -c am
quartus_cdb --read_settings_files=off --write_settings_files=off am -c am --merge=on
quartus_fit --read_settings_files=off --write_settings_files=off am -c am
quartus_asm --read_settings_files=off --write_settings_files=off am -c am
quartus_sta am -c am
quartus_map --read_settings_files=on --write_settings_files=off am -c am
quartus_cdb --read_settings_files=off --write_settings_files=off am -c am --merge=on
quartus_fit --read_settings_files=off --write_settings_files=off am -c am
quartus_asm --read_settings_files=off --write_settings_files=off am -c am
quartus_sta am -c am
quartus_map --read_settings_files=on --write_settings_files=off am -c am
quartus_map --read_settings_files=on --write_settings_files=off am -c am
quartus_map --read_settings_files=on --write_settings_files=off am -c am
quartus_cdb --read_settings_files=off --write_settings_files=off am -c am --merge=on
quartus_fit --read_settings_files=off --write_settings_files=off am -c am
quartus_asm --read_settings_files=off --write_settings_files=off am -c am
quartus_sta am -c am
quartus_map --read_settings_files=on --write_settings_files=off am -c am
quartus_cdb --read_settings_files=off --write_settings_files=off am -c am --merge=on
quartus_fit --read_settings_files=off --write_settings_files=off am -c am
quartus_asm --read_settings_files=off --write_settings_files=off am -c am
quartus_sta am -c am
quartus_map --read_settings_files=on --write_settings_files=off am -c am
quartus_map --read_settings_files=on --write_settings_files=off am -c am
quartus_cdb --read_settings_files=off --write_settings_files=off am -c am --merge=on
quartus_fit --read_settings_files=off --write_settings_files=off am -c am
quartus_asm --read_settings_files=off --write_settings_files=off am -c am
quartus_sta am -c am
quartus_map --read_settings_files=on --write_settings_files=off am -c am
quartus_map --read_settings_files=on --write_settings_files=off am -c am
quartus_cdb --read_settings_files=off --write_settings_files=off am -c am --merge=on
quartus_fit --read_settings_files=off --write_settings_files=off am -c am
quartus_asm --read_settings_files=off --write_settings_files=off am -c am
quartus_sta am -c am



